{"level":"info","message":"Database connected successfully","timestamp":"2025-06-07T05:37:53.696Z"}
{"level":"info","message":"Session table checked/initialized successfully","timestamp":"2025-06-07T05:37:53.805Z"}
{"level":"info","message":"Admin user(s) already exist, skipping default admin creation.","timestamp":"2025-06-07T05:37:53.847Z"}
{"level":"info","message":"Server running on port 3000","timestamp":"2025-06-07T05:37:53.932Z"}
{"level":"info","message":"Database connected successfully","timestamp":"2025-06-07T05:57:16.265Z"}
{"level":"info","message":"Session table checked/initialized successfully","timestamp":"2025-06-07T05:57:16.318Z"}
{"level":"info","message":"Admin user(s) already exist, skipping default admin creation.","timestamp":"2025-06-07T05:57:16.340Z"}
{"level":"info","message":"Server running on port 3000","timestamp":"2025-06-07T05:57:16.447Z"}
{"level":"info","message":"Database connected successfully","timestamp":"2025-06-07T05:57:24.215Z"}
{"level":"info","message":"Session table checked/initialized successfully","timestamp":"2025-06-07T05:57:24.239Z"}
{"level":"info","message":"Admin user(s) already exist, skipping default admin creation.","timestamp":"2025-06-07T05:57:24.249Z"}
{"level":"info","message":"Server running on port 3000","timestamp":"2025-06-07T05:57:24.287Z"}
{"level":"error","message":"Unhandled error: Not allowed by CORS","method":"GET","path":"/api/auth/status","stack":"Error: Not allowed by CORS\n    at origin (D:\\WebDevelopment\\AppDemo\\Backend\\server.js:43:16)\n    at D:\\WebDevelopment\\AppDemo\\Backend\\node_modules\\cors\\lib\\index.js:219:13\n    at optionsCallback (D:\\WebDevelopment\\AppDemo\\Backend\\node_modules\\cors\\lib\\index.js:199:9)\n    at corsMiddleware (D:\\WebDevelopment\\AppDemo\\Backend\\node_modules\\cors\\lib\\index.js:204:7)\n    at Layer.handle [as handle_request] (D:\\WebDevelopment\\AppDemo\\Backend\\node_modules\\express\\lib\\router\\layer.js:95:5)\n    at trim_prefix (D:\\WebDevelopment\\AppDemo\\Backend\\node_modules\\express\\lib\\router\\index.js:328:13)\n    at D:\\WebDevelopment\\AppDemo\\Backend\\node_modules\\express\\lib\\router\\index.js:286:9\n    at Function.process_params (D:\\WebDevelopment\\AppDemo\\Backend\\node_modules\\express\\lib\\router\\index.js:346:12)\n    at next (D:\\WebDevelopment\\AppDemo\\Backend\\node_modules\\express\\lib\\router\\index.js:280:10)\n    at expressInit (D:\\WebDevelopment\\AppDemo\\Backend\\node_modules\\express\\lib\\middleware\\init.js:40:5)","timestamp":"2025-06-07T05:57:52.315Z"}
{"level":"error","message":"Unhandled error: Not allowed by CORS","method":"GET","path":"/api/auth/status","stack":"Error: Not allowed by CORS\n    at origin (D:\\WebDevelopment\\AppDemo\\Backend\\server.js:43:16)\n    at D:\\WebDevelopment\\AppDemo\\Backend\\node_modules\\cors\\lib\\index.js:219:13\n    at optionsCallback (D:\\WebDevelopment\\AppDemo\\Backend\\node_modules\\cors\\lib\\index.js:199:9)\n    at corsMiddleware (D:\\WebDevelopment\\AppDemo\\Backend\\node_modules\\cors\\lib\\index.js:204:7)\n    at Layer.handle [as handle_request] (D:\\WebDevelopment\\AppDemo\\Backend\\node_modules\\express\\lib\\router\\layer.js:95:5)\n    at trim_prefix (D:\\WebDevelopment\\AppDemo\\Backend\\node_modules\\express\\lib\\router\\index.js:328:13)\n    at D:\\WebDevelopment\\AppDemo\\Backend\\node_modules\\express\\lib\\router\\index.js:286:9\n    at Function.process_params (D:\\WebDevelopment\\AppDemo\\Backend\\node_modules\\express\\lib\\router\\index.js:346:12)\n    at next (D:\\WebDevelopment\\AppDemo\\Backend\\node_modules\\express\\lib\\router\\index.js:280:10)\n    at expressInit (D:\\WebDevelopment\\AppDemo\\Backend\\node_modules\\express\\lib\\middleware\\init.js:40:5)","timestamp":"2025-06-07T05:58:52.298Z"}
{"level":"error","message":"Unhandled error: Not allowed by CORS","method":"GET","path":"/api/auth/status","stack":"Error: Not allowed by CORS\n    at origin (D:\\WebDevelopment\\AppDemo\\Backend\\server.js:43:16)\n    at D:\\WebDevelopment\\AppDemo\\Backend\\node_modules\\cors\\lib\\index.js:219:13\n    at optionsCallback (D:\\WebDevelopment\\AppDemo\\Backend\\node_modules\\cors\\lib\\index.js:199:9)\n    at corsMiddleware (D:\\WebDevelopment\\AppDemo\\Backend\\node_modules\\cors\\lib\\index.js:204:7)\n    at Layer.handle [as handle_request] (D:\\WebDevelopment\\AppDemo\\Backend\\node_modules\\express\\lib\\router\\layer.js:95:5)\n    at trim_prefix (D:\\WebDevelopment\\AppDemo\\Backend\\node_modules\\express\\lib\\router\\index.js:328:13)\n    at D:\\WebDevelopment\\AppDemo\\Backend\\node_modules\\express\\lib\\router\\index.js:286:9\n    at Function.process_params (D:\\WebDevelopment\\AppDemo\\Backend\\node_modules\\express\\lib\\router\\index.js:346:12)\n    at next (D:\\WebDevelopment\\AppDemo\\Backend\\node_modules\\express\\lib\\router\\index.js:280:10)\n    at expressInit (D:\\WebDevelopment\\AppDemo\\Backend\\node_modules\\express\\lib\\middleware\\init.js:40:5)","timestamp":"2025-06-07T05:59:52.304Z"}
{"level":"error","message":"Unhandled error: Not allowed by CORS","method":"GET","path":"/api/auth/status","stack":"Error: Not allowed by CORS\n    at origin (D:\\WebDevelopment\\AppDemo\\Backend\\server.js:43:16)\n    at D:\\WebDevelopment\\AppDemo\\Backend\\node_modules\\cors\\lib\\index.js:219:13\n    at optionsCallback (D:\\WebDevelopment\\AppDemo\\Backend\\node_modules\\cors\\lib\\index.js:199:9)\n    at corsMiddleware (D:\\WebDevelopment\\AppDemo\\Backend\\node_modules\\cors\\lib\\index.js:204:7)\n    at Layer.handle [as handle_request] (D:\\WebDevelopment\\AppDemo\\Backend\\node_modules\\express\\lib\\router\\layer.js:95:5)\n    at trim_prefix (D:\\WebDevelopment\\AppDemo\\Backend\\node_modules\\express\\lib\\router\\index.js:328:13)\n    at D:\\WebDevelopment\\AppDemo\\Backend\\node_modules\\express\\lib\\router\\index.js:286:9\n    at Function.process_params (D:\\WebDevelopment\\AppDemo\\Backend\\node_modules\\express\\lib\\router\\index.js:346:12)\n    at next (D:\\WebDevelopment\\AppDemo\\Backend\\node_modules\\express\\lib\\router\\index.js:280:10)\n    at expressInit (D:\\WebDevelopment\\AppDemo\\Backend\\node_modules\\express\\lib\\middleware\\init.js:40:5)","timestamp":"2025-06-07T06:00:31.342Z"}
{"level":"error","message":"Unhandled error: Not allowed by CORS","method":"GET","path":"/api/auth/status","stack":"Error: Not allowed by CORS\n    at origin (D:\\WebDevelopment\\AppDemo\\Backend\\server.js:43:16)\n    at D:\\WebDevelopment\\AppDemo\\Backend\\node_modules\\cors\\lib\\index.js:219:13\n    at optionsCallback (D:\\WebDevelopment\\AppDemo\\Backend\\node_modules\\cors\\lib\\index.js:199:9)\n    at corsMiddleware (D:\\WebDevelopment\\AppDemo\\Backend\\node_modules\\cors\\lib\\index.js:204:7)\n    at Layer.handle [as handle_request] (D:\\WebDevelopment\\AppDemo\\Backend\\node_modules\\express\\lib\\router\\layer.js:95:5)\n    at trim_prefix (D:\\WebDevelopment\\AppDemo\\Backend\\node_modules\\express\\lib\\router\\index.js:328:13)\n    at D:\\WebDevelopment\\AppDemo\\Backend\\node_modules\\express\\lib\\router\\index.js:286:9\n    at Function.process_params (D:\\WebDevelopment\\AppDemo\\Backend\\node_modules\\express\\lib\\router\\index.js:346:12)\n    at next (D:\\WebDevelopment\\AppDemo\\Backend\\node_modules\\express\\lib\\router\\index.js:280:10)\n    at expressInit (D:\\WebDevelopment\\AppDemo\\Backend\\node_modules\\express\\lib\\middleware\\init.js:40:5)","timestamp":"2025-06-07T06:01:02.305Z"}
{"level":"error","message":"Unhandled error: Not allowed by CORS","method":"GET","path":"/api/auth/status","stack":"Error: Not allowed by CORS\n    at origin (D:\\WebDevelopment\\AppDemo\\Backend\\server.js:43:16)\n    at D:\\WebDevelopment\\AppDemo\\Backend\\node_modules\\cors\\lib\\index.js:219:13\n    at optionsCallback (D:\\WebDevelopment\\AppDemo\\Backend\\node_modules\\cors\\lib\\index.js:199:9)\n    at corsMiddleware (D:\\WebDevelopment\\AppDemo\\Backend\\node_modules\\cors\\lib\\index.js:204:7)\n    at Layer.handle [as handle_request] (D:\\WebDevelopment\\AppDemo\\Backend\\node_modules\\express\\lib\\router\\layer.js:95:5)\n    at trim_prefix (D:\\WebDevelopment\\AppDemo\\Backend\\node_modules\\express\\lib\\router\\index.js:328:13)\n    at D:\\WebDevelopment\\AppDemo\\Backend\\node_modules\\express\\lib\\router\\index.js:286:9\n    at Function.process_params (D:\\WebDevelopment\\AppDemo\\Backend\\node_modules\\express\\lib\\router\\index.js:346:12)\n    at next (D:\\WebDevelopment\\AppDemo\\Backend\\node_modules\\express\\lib\\router\\index.js:280:10)\n    at expressInit (D:\\WebDevelopment\\AppDemo\\Backend\\node_modules\\express\\lib\\middleware\\init.js:40:5)","timestamp":"2025-06-07T06:01:32.300Z"}
{"level":"error","message":"Unhandled error: Not allowed by CORS","method":"GET","path":"/api/auth/status","stack":"Error: Not allowed by CORS\n    at origin (D:\\WebDevelopment\\AppDemo\\Backend\\server.js:43:16)\n    at D:\\WebDevelopment\\AppDemo\\Backend\\node_modules\\cors\\lib\\index.js:219:13\n    at optionsCallback (D:\\WebDevelopment\\AppDemo\\Backend\\node_modules\\cors\\lib\\index.js:199:9)\n    at corsMiddleware (D:\\WebDevelopment\\AppDemo\\Backend\\node_modules\\cors\\lib\\index.js:204:7)\n    at Layer.handle [as handle_request] (D:\\WebDevelopment\\AppDemo\\Backend\\node_modules\\express\\lib\\router\\layer.js:95:5)\n    at trim_prefix (D:\\WebDevelopment\\AppDemo\\Backend\\node_modules\\express\\lib\\router\\index.js:328:13)\n    at D:\\WebDevelopment\\AppDemo\\Backend\\node_modules\\express\\lib\\router\\index.js:286:9\n    at Function.process_params (D:\\WebDevelopment\\AppDemo\\Backend\\node_modules\\express\\lib\\router\\index.js:346:12)\n    at next (D:\\WebDevelopment\\AppDemo\\Backend\\node_modules\\express\\lib\\router\\index.js:280:10)\n    at expressInit (D:\\WebDevelopment\\AppDemo\\Backend\\node_modules\\express\\lib\\middleware\\init.js:40:5)","timestamp":"2025-06-07T06:01:42.314Z"}
{"level":"error","message":"Unhandled error: Not allowed by CORS","method":"GET","path":"/api/auth/status","stack":"Error: Not allowed by CORS\n    at origin (D:\\WebDevelopment\\AppDemo\\Backend\\server.js:43:16)\n    at D:\\WebDevelopment\\AppDemo\\Backend\\node_modules\\cors\\lib\\index.js:219:13\n    at optionsCallback (D:\\WebDevelopment\\AppDemo\\Backend\\node_modules\\cors\\lib\\index.js:199:9)\n    at corsMiddleware (D:\\WebDevelopment\\AppDemo\\Backend\\node_modules\\cors\\lib\\index.js:204:7)\n    at Layer.handle [as handle_request] (D:\\WebDevelopment\\AppDemo\\Backend\\node_modules\\express\\lib\\router\\layer.js:95:5)\n    at trim_prefix (D:\\WebDevelopment\\AppDemo\\Backend\\node_modules\\express\\lib\\router\\index.js:328:13)\n    at D:\\WebDevelopment\\AppDemo\\Backend\\node_modules\\express\\lib\\router\\index.js:286:9\n    at Function.process_params (D:\\WebDevelopment\\AppDemo\\Backend\\node_modules\\express\\lib\\router\\index.js:346:12)\n    at next (D:\\WebDevelopment\\AppDemo\\Backend\\node_modules\\express\\lib\\router\\index.js:280:10)\n    at expressInit (D:\\WebDevelopment\\AppDemo\\Backend\\node_modules\\express\\lib\\middleware\\init.js:40:5)","timestamp":"2025-06-07T06:02:13.314Z"}
{"level":"error","message":"Unhandled error: Not allowed by CORS","method":"GET","path":"/api/auth/status","stack":"Error: Not allowed by CORS\n    at origin (D:\\WebDevelopment\\AppDemo\\Backend\\server.js:43:16)\n    at D:\\WebDevelopment\\AppDemo\\Backend\\node_modules\\cors\\lib\\index.js:219:13\n    at optionsCallback (D:\\WebDevelopment\\AppDemo\\Backend\\node_modules\\cors\\lib\\index.js:199:9)\n    at corsMiddleware (D:\\WebDevelopment\\AppDemo\\Backend\\node_modules\\cors\\lib\\index.js:204:7)\n    at Layer.handle [as handle_request] (D:\\WebDevelopment\\AppDemo\\Backend\\node_modules\\express\\lib\\router\\layer.js:95:5)\n    at trim_prefix (D:\\WebDevelopment\\AppDemo\\Backend\\node_modules\\express\\lib\\router\\index.js:328:13)\n    at D:\\WebDevelopment\\AppDemo\\Backend\\node_modules\\express\\lib\\router\\index.js:286:9\n    at Function.process_params (D:\\WebDevelopment\\AppDemo\\Backend\\node_modules\\express\\lib\\router\\index.js:346:12)\n    at next (D:\\WebDevelopment\\AppDemo\\Backend\\node_modules\\express\\lib\\router\\index.js:280:10)\n    at expressInit (D:\\WebDevelopment\\AppDemo\\Backend\\node_modules\\express\\lib\\middleware\\init.js:40:5)","timestamp":"2025-06-07T06:02:43.314Z"}
{"level":"error","message":"Unhandled error: Not allowed by CORS","method":"GET","path":"/api/auth/status","stack":"Error: Not allowed by CORS\n    at origin (D:\\WebDevelopment\\AppDemo\\Backend\\server.js:43:16)\n    at D:\\WebDevelopment\\AppDemo\\Backend\\node_modules\\cors\\lib\\index.js:219:13\n    at optionsCallback (D:\\WebDevelopment\\AppDemo\\Backend\\node_modules\\cors\\lib\\index.js:199:9)\n    at corsMiddleware (D:\\WebDevelopment\\AppDemo\\Backend\\node_modules\\cors\\lib\\index.js:204:7)\n    at Layer.handle [as handle_request] (D:\\WebDevelopment\\AppDemo\\Backend\\node_modules\\express\\lib\\router\\layer.js:95:5)\n    at trim_prefix (D:\\WebDevelopment\\AppDemo\\Backend\\node_modules\\express\\lib\\router\\index.js:328:13)\n    at D:\\WebDevelopment\\AppDemo\\Backend\\node_modules\\express\\lib\\router\\index.js:286:9\n    at Function.process_params (D:\\WebDevelopment\\AppDemo\\Backend\\node_modules\\express\\lib\\router\\index.js:346:12)\n    at next (D:\\WebDevelopment\\AppDemo\\Backend\\node_modules\\express\\lib\\router\\index.js:280:10)\n    at expressInit (D:\\WebDevelopment\\AppDemo\\Backend\\node_modules\\express\\lib\\middleware\\init.js:40:5)","timestamp":"2025-06-07T06:02:58.323Z"}
{"level":"error","message":"Unhandled error: Not allowed by CORS","method":"GET","path":"/api/auth/status","stack":"Error: Not allowed by CORS\n    at origin (D:\\WebDevelopment\\AppDemo\\Backend\\server.js:43:16)\n    at D:\\WebDevelopment\\AppDemo\\Backend\\node_modules\\cors\\lib\\index.js:219:13\n    at optionsCallback (D:\\WebDevelopment\\AppDemo\\Backend\\node_modules\\cors\\lib\\index.js:199:9)\n    at corsMiddleware (D:\\WebDevelopment\\AppDemo\\Backend\\node_modules\\cors\\lib\\index.js:204:7)\n    at Layer.handle [as handle_request] (D:\\WebDevelopment\\AppDemo\\Backend\\node_modules\\express\\lib\\router\\layer.js:95:5)\n    at trim_prefix (D:\\WebDevelopment\\AppDemo\\Backend\\node_modules\\express\\lib\\router\\index.js:328:13)\n    at D:\\WebDevelopment\\AppDemo\\Backend\\node_modules\\express\\lib\\router\\index.js:286:9\n    at Function.process_params (D:\\WebDevelopment\\AppDemo\\Backend\\node_modules\\express\\lib\\router\\index.js:346:12)\n    at next (D:\\WebDevelopment\\AppDemo\\Backend\\node_modules\\express\\lib\\router\\index.js:280:10)\n    at expressInit (D:\\WebDevelopment\\AppDemo\\Backend\\node_modules\\express\\lib\\middleware\\init.js:40:5)","timestamp":"2025-06-07T06:03:29.302Z"}
{"level":"warn","message":"HTTPS credentials not found, falling back to HTTP:","timestamp":"2025-06-07T08:40:22.918Z"}
{"level":"info","message":"Database connected successfully","timestamp":"2025-06-07T08:40:23.044Z"}
{"level":"info","message":"Session table checked/initialized successfully","timestamp":"2025-06-07T08:40:23.153Z"}
{"level":"info","message":"Admin user(s) already exist, skipping default admin creation.","timestamp":"2025-06-07T08:40:23.197Z"}
{"level":"info","message":"Server running on http://0.0.0.0:3000","timestamp":"2025-06-07T08:40:23.331Z"}
{"level":"warn","message":"CORS blocked origin: http://localhost:8080","timestamp":"2025-06-07T08:40:38.837Z"}
{"level":"error","message":"Unhandled error: Not allowed by CORS","method":"GET","path":"/api/auth/status","stack":"Error: Not allowed by CORS\n    at origin (D:\\WebDevelopment\\AppDemo\\Backend\\server.js:50:16)\n    at D:\\WebDevelopment\\AppDemo\\Backend\\node_modules\\cors\\lib\\index.js:219:13\n    at optionsCallback (D:\\WebDevelopment\\AppDemo\\Backend\\node_modules\\cors\\lib\\index.js:199:9)\n    at corsMiddleware (D:\\WebDevelopment\\AppDemo\\Backend\\node_modules\\cors\\lib\\index.js:204:7)\n    at Layer.handle [as handle_request] (D:\\WebDevelopment\\AppDemo\\Backend\\node_modules\\express\\lib\\router\\layer.js:95:5)\n    at trim_prefix (D:\\WebDevelopment\\AppDemo\\Backend\\node_modules\\express\\lib\\router\\index.js:328:13)\n    at D:\\WebDevelopment\\AppDemo\\Backend\\node_modules\\express\\lib\\router\\index.js:286:9\n    at Function.process_params (D:\\WebDevelopment\\AppDemo\\Backend\\node_modules\\express\\lib\\router\\index.js:346:12)\n    at next (D:\\WebDevelopment\\AppDemo\\Backend\\node_modules\\express\\lib\\router\\index.js:280:10)\n    at expressInit (D:\\WebDevelopment\\AppDemo\\Backend\\node_modules\\express\\lib\\middleware\\init.js:40:5)","timestamp":"2025-06-07T08:40:38.840Z"}
{"level":"warn","message":"CORS blocked origin: http://localhost:8080","timestamp":"2025-06-07T08:41:09.000Z"}
{"level":"error","message":"Unhandled error: Not allowed by CORS","method":"GET","path":"/api/auth/status","stack":"Error: Not allowed by CORS\n    at origin (D:\\WebDevelopment\\AppDemo\\Backend\\server.js:50:16)\n    at D:\\WebDevelopment\\AppDemo\\Backend\\node_modules\\cors\\lib\\index.js:219:13\n    at optionsCallback (D:\\WebDevelopment\\AppDemo\\Backend\\node_modules\\cors\\lib\\index.js:199:9)\n    at corsMiddleware (D:\\WebDevelopment\\AppDemo\\Backend\\node_modules\\cors\\lib\\index.js:204:7)\n    at Layer.handle [as handle_request] (D:\\WebDevelopment\\AppDemo\\Backend\\node_modules\\express\\lib\\router\\layer.js:95:5)\n    at trim_prefix (D:\\WebDevelopment\\AppDemo\\Backend\\node_modules\\express\\lib\\router\\index.js:328:13)\n    at D:\\WebDevelopment\\AppDemo\\Backend\\node_modules\\express\\lib\\router\\index.js:286:9\n    at Function.process_params (D:\\WebDevelopment\\AppDemo\\Backend\\node_modules\\express\\lib\\router\\index.js:346:12)\n    at next (D:\\WebDevelopment\\AppDemo\\Backend\\node_modules\\express\\lib\\router\\index.js:280:10)\n    at expressInit (D:\\WebDevelopment\\AppDemo\\Backend\\node_modules\\express\\lib\\middleware\\init.js:40:5)","timestamp":"2025-06-07T08:41:09.002Z"}
{"level":"info","message":"Database connected successfully","timestamp":"2025-06-07T17:39:51.593Z"}
{"level":"info","message":"Session table checked/initialized successfully","timestamp":"2025-06-07T17:39:51.689Z"}
{"level":"info","message":"Admin user(s) already exist, skipping default admin creation.","timestamp":"2025-06-07T17:39:51.726Z"}
{"level":"info","message":"Server running on port 3000","timestamp":"2025-06-07T17:39:51.816Z"}
{"level":"info","message":"Database connected successfully","timestamp":"2025-06-07T17:48:19.447Z"}
{"level":"info","message":"Session table checked/initialized successfully","timestamp":"2025-06-07T17:48:19.465Z"}
{"level":"info","message":"Admin user(s) already exist, skipping default admin creation.","timestamp":"2025-06-07T17:48:19.479Z"}
{"level":"info","message":"Server running on port 3000","timestamp":"2025-06-07T17:48:19.510Z"}
{"level":"info","message":"Database connected successfully","timestamp":"2025-06-07T17:48:24.718Z"}
{"level":"info","message":"Session table checked/initialized successfully","timestamp":"2025-06-07T17:48:24.741Z"}
{"level":"info","message":"Admin user(s) already exist, skipping default admin creation.","timestamp":"2025-06-07T17:48:24.749Z"}
{"level":"info","message":"Server running on port 3000","timestamp":"2025-06-07T17:48:24.778Z"}
{"level":"warn","message":"HTTPS credentials not found, falling back to HTTP:","timestamp":"2025-06-07T17:51:48.577Z"}
{"level":"info","message":"Session table checked/initialized successfully","timestamp":"2025-06-07T17:51:48.663Z"}
{"level":"info","message":"Admin user(s) already exist, skipping default admin creation.","timestamp":"2025-06-07T17:51:48.673Z"}
{"level":"info","message":"Server running on http://0.0.0.0:3000","timestamp":"2025-06-07T17:51:48.705Z"}
{"level":"info","message":"Database connected successfully","timestamp":"2025-06-07T17:51:48.737Z"}
{"level":"warn","message":"HTTPS credentials not found, falling back to HTTP:","timestamp":"2025-06-07T17:54:10.214Z"}
{"level":"info","message":"Session table checked/initialized successfully","timestamp":"2025-06-07T17:54:10.294Z"}
{"level":"info","message":"Admin user(s) already exist, skipping default admin creation.","timestamp":"2025-06-07T17:54:10.303Z"}
{"level":"info","message":"Server running on http://0.0.0.0:3000","timestamp":"2025-06-07T17:54:10.339Z"}
{"level":"info","message":"Database connected successfully","timestamp":"2025-06-07T17:54:10.375Z"}
{"level":"warn","message":"HTTPS credentials not found, falling back to HTTP:","timestamp":"2025-06-07T17:54:13.501Z"}
{"level":"info","message":"Database connected successfully","timestamp":"2025-06-07T17:54:13.564Z"}
{"level":"info","message":"Session table checked/initialized successfully","timestamp":"2025-06-07T17:54:13.681Z"}
{"level":"info","message":"Admin user(s) already exist, skipping default admin creation.","timestamp":"2025-06-07T17:54:13.689Z"}
{"level":"info","message":"Server running on http://0.0.0.0:3000","timestamp":"2025-06-07T17:54:13.717Z"}
{"level":"warn","message":"HTTPS credentials not found, falling back to HTTP:","timestamp":"2025-06-07T18:04:33.021Z"}
{"level":"info","message":"Database connected successfully","timestamp":"2025-06-07T18:04:33.184Z"}
{"level":"info","message":"Session table checked/initialized successfully","timestamp":"2025-06-07T18:04:33.196Z"}
{"level":"info","message":"Admin user(s) already exist, skipping default admin creation.","timestamp":"2025-06-07T18:04:33.204Z"}
{"level":"info","message":"Server running on http://0.0.0.0:3000","timestamp":"2025-06-07T18:04:33.230Z"}
{"level":"warn","message":"HTTPS credentials not found, falling back to HTTP:","timestamp":"2025-06-08T21:00:01.216Z"}
{"level":"info","message":"Database connected successfully","timestamp":"2025-06-08T21:00:01.540Z"}
{"level":"info","message":"Session table checked/initialized successfully","timestamp":"2025-06-08T21:00:01.933Z"}
{"level":"info","message":"Admin user(s) already exist, skipping default admin creation.","timestamp":"2025-06-08T21:00:02.296Z"}
{"level":"info","message":"Server running on http://0.0.0.0:3000","timestamp":"2025-06-08T21:00:02.409Z"}
{"level":"warn","message":"CORS blocked origin: http://localhost:8080","timestamp":"2025-06-08T21:00:06.699Z"}
{"level":"error","message":"Unhandled error: Not allowed by CORS","method":"GET","path":"/api/auth/status","stack":"Error: Not allowed by CORS\n    at origin (D:\\WebDevelopment\\LbLibrary\\Backend\\server.js:50:16)\n    at D:\\WebDevelopment\\LbLibrary\\Backend\\node_modules\\cors\\lib\\index.js:219:13\n    at optionsCallback (D:\\WebDevelopment\\LbLibrary\\Backend\\node_modules\\cors\\lib\\index.js:199:9)\n    at corsMiddleware (D:\\WebDevelopment\\LbLibrary\\Backend\\node_modules\\cors\\lib\\index.js:204:7)\n    at Layer.handle [as handle_request] (D:\\WebDevelopment\\LbLibrary\\Backend\\node_modules\\express\\lib\\router\\layer.js:95:5)\n    at trim_prefix (D:\\WebDevelopment\\LbLibrary\\Backend\\node_modules\\express\\lib\\router\\index.js:328:13)\n    at D:\\WebDevelopment\\LbLibrary\\Backend\\node_modules\\express\\lib\\router\\index.js:286:9\n    at Function.process_params (D:\\WebDevelopment\\LbLibrary\\Backend\\node_modules\\express\\lib\\router\\index.js:346:12)\n    at next (D:\\WebDevelopment\\LbLibrary\\Backend\\node_modules\\express\\lib\\router\\index.js:280:10)\n    at expressInit (D:\\WebDevelopment\\LbLibrary\\Backend\\node_modules\\express\\lib\\middleware\\init.js:40:5)","timestamp":"2025-06-08T21:00:06.718Z"}
{"level":"warn","message":"CORS blocked origin: http://localhost:8080","timestamp":"2025-06-08T21:00:10.288Z"}
{"level":"error","message":"Unhandled error: Not allowed by CORS","method":"GET","path":"/api/auth/status","stack":"Error: Not allowed by CORS\n    at origin (D:\\WebDevelopment\\LbLibrary\\Backend\\server.js:50:16)\n    at D:\\WebDevelopment\\LbLibrary\\Backend\\node_modules\\cors\\lib\\index.js:219:13\n    at optionsCallback (D:\\WebDevelopment\\LbLibrary\\Backend\\node_modules\\cors\\lib\\index.js:199:9)\n    at corsMiddleware (D:\\WebDevelopment\\LbLibrary\\Backend\\node_modules\\cors\\lib\\index.js:204:7)\n    at Layer.handle [as handle_request] (D:\\WebDevelopment\\LbLibrary\\Backend\\node_modules\\express\\lib\\router\\layer.js:95:5)\n    at trim_prefix (D:\\WebDevelopment\\LbLibrary\\Backend\\node_modules\\express\\lib\\router\\index.js:328:13)\n    at D:\\WebDevelopment\\LbLibrary\\Backend\\node_modules\\express\\lib\\router\\index.js:286:9\n    at Function.process_params (D:\\WebDevelopment\\LbLibrary\\Backend\\node_modules\\express\\lib\\router\\index.js:346:12)\n    at next (D:\\WebDevelopment\\LbLibrary\\Backend\\node_modules\\express\\lib\\router\\index.js:280:10)\n    at expressInit (D:\\WebDevelopment\\LbLibrary\\Backend\\node_modules\\express\\lib\\middleware\\init.js:40:5)","timestamp":"2025-06-08T21:00:10.291Z"}
{"level":"warn","message":"CORS blocked origin: http://localhost:8080","timestamp":"2025-06-08T21:00:41.005Z"}
{"level":"error","message":"Unhandled error: Not allowed by CORS","method":"GET","path":"/api/auth/status","stack":"Error: Not allowed by CORS\n    at origin (D:\\WebDevelopment\\LbLibrary\\Backend\\server.js:50:16)\n    at D:\\WebDevelopment\\LbLibrary\\Backend\\node_modules\\cors\\lib\\index.js:219:13\n    at optionsCallback (D:\\WebDevelopment\\LbLibrary\\Backend\\node_modules\\cors\\lib\\index.js:199:9)\n    at corsMiddleware (D:\\WebDevelopment\\LbLibrary\\Backend\\node_modules\\cors\\lib\\index.js:204:7)\n    at Layer.handle [as handle_request] (D:\\WebDevelopment\\LbLibrary\\Backend\\node_modules\\express\\lib\\router\\layer.js:95:5)\n    at trim_prefix (D:\\WebDevelopment\\LbLibrary\\Backend\\node_modules\\express\\lib\\router\\index.js:328:13)\n    at D:\\WebDevelopment\\LbLibrary\\Backend\\node_modules\\express\\lib\\router\\index.js:286:9\n    at Function.process_params (D:\\WebDevelopment\\LbLibrary\\Backend\\node_modules\\express\\lib\\router\\index.js:346:12)\n    at next (D:\\WebDevelopment\\LbLibrary\\Backend\\node_modules\\express\\lib\\router\\index.js:280:10)\n    at expressInit (D:\\WebDevelopment\\LbLibrary\\Backend\\node_modules\\express\\lib\\middleware\\init.js:40:5)","timestamp":"2025-06-08T21:00:41.007Z"}
{"level":"info","message":"Database connected successfully","timestamp":"2025-06-08T21:00:58.839Z"}
{"level":"info","message":"Session table checked/initialized successfully","timestamp":"2025-06-08T21:00:58.860Z"}
{"level":"info","message":"Admin user(s) already exist, skipping default admin creation.","timestamp":"2025-06-08T21:00:58.873Z"}
{"level":"info","message":"Server running on port 3000","timestamp":"2025-06-08T21:00:58.920Z"}
{"level":"info","message":"Database connected successfully","timestamp":"2025-06-08T21:02:50.000Z"}
{"level":"info","message":"Session table checked/initialized successfully","timestamp":"2025-06-08T21:02:50.015Z"}
{"level":"info","message":"Admin user(s) already exist, skipping default admin creation.","timestamp":"2025-06-08T21:02:50.023Z"}
{"level":"info","message":"Server running on port 3000","timestamp":"2025-06-08T21:02:50.055Z"}
{"level":"info","message":"Database connected successfully","timestamp":"2025-06-08T21:02:59.346Z"}
{"level":"info","message":"Session table checked/initialized successfully","timestamp":"2025-06-08T21:02:59.361Z"}
{"level":"info","message":"Admin user(s) already exist, skipping default admin creation.","timestamp":"2025-06-08T21:02:59.369Z"}
{"level":"info","message":"Server running on port 3000","timestamp":"2025-06-08T21:02:59.398Z"}
{"level":"info","message":"Database connected successfully","timestamp":"2025-06-08T21:07:01.455Z"}
{"level":"info","message":"Session table checked/initialized successfully","timestamp":"2025-06-08T21:07:01.476Z"}
{"level":"info","message":"Admin user(s) already exist, skipping default admin creation.","timestamp":"2025-06-08T21:07:01.486Z"}
{"level":"info","message":"Server running on port 3000","timestamp":"2025-06-08T21:07:01.527Z"}
{"level":"info","message":"Database connected successfully","timestamp":"2025-06-08T21:28:45.405Z"}
{"level":"info","message":"Session table checked/initialized successfully","timestamp":"2025-06-08T21:28:45.420Z"}
{"level":"info","message":"Admin user(s) already exist, skipping default admin creation.","timestamp":"2025-06-08T21:28:45.428Z"}
{"level":"info","message":"Server running on port 3000","timestamp":"2025-06-08T21:28:45.458Z"}
{"level":"info","message":"Database connected successfully","timestamp":"2025-06-09T17:54:33.775Z"}
{"level":"info","message":"Session table checked/initialized successfully","timestamp":"2025-06-09T17:54:33.779Z"}
{"level":"info","message":"Admin user(s) already exist, skipping default admin creation.","timestamp":"2025-06-09T17:54:33.810Z"}
{"level":"info","message":"Server running on port 3000","timestamp":"2025-06-09T17:54:33.902Z"}
{"level":"info","message":"Database connected successfully","timestamp":"2025-06-09T18:12:40.870Z"}
{"level":"info","message":"Session table checked/initialized successfully","timestamp":"2025-06-09T18:12:40.915Z"}
{"level":"info","message":"Admin user(s) already exist, skipping default admin creation.","timestamp":"2025-06-09T18:12:40.931Z"}
{"level":"info","message":"Server running on port 3000","timestamp":"2025-06-09T18:12:41.007Z"}
{"level":"info","message":"Database connected successfully","timestamp":"2025-06-09T18:49:12.452Z"}
{"level":"info","message":"Session table checked/initialized successfully","timestamp":"2025-06-09T18:49:12.493Z"}
{"level":"info","message":"Admin user(s) already exist, skipping default admin creation.","timestamp":"2025-06-09T18:49:12.506Z"}
{"level":"info","message":"Server running on port 3000","timestamp":"2025-06-09T18:49:12.588Z"}
{"level":"info","message":"Session table checked/initialized successfully","timestamp":"2025-06-09T18:55:07.506Z"}
{"level":"info","message":"Admin user(s) already exist, skipping default admin creation.","timestamp":"2025-06-09T18:55:07.518Z"}
{"level":"info","message":"Server running on port 3000","timestamp":"2025-06-09T18:55:07.544Z"}
{"level":"info","message":"Database connected successfully","timestamp":"2025-06-09T18:55:07.589Z"}
{"level":"info","message":"Database connected successfully","timestamp":"2025-06-10T03:42:38.545Z"}
{"level":"info","message":"Session table checked/initialized successfully","timestamp":"2025-06-10T03:42:38.653Z"}
{"level":"info","message":"Admin user(s) already exist, skipping default admin creation.","timestamp":"2025-06-10T03:42:38.693Z"}
{"level":"info","message":"Server running on port 3000","timestamp":"2025-06-10T03:42:38.792Z"}
{"level":"info","message":"Database connected successfully","timestamp":"2025-06-10T04:09:39.094Z"}
{"level":"info","message":"Session table checked/initialized successfully","timestamp":"2025-06-10T04:09:39.136Z"}
{"level":"info","message":"Admin user(s) already exist, skipping default admin creation.","timestamp":"2025-06-10T04:09:39.156Z"}
{"level":"info","message":"Server running on port 3000","timestamp":"2025-06-10T04:09:39.216Z"}
{"level":"info","message":"Database connected successfully","timestamp":"2025-06-10T04:30:52.350Z"}
{"level":"info","message":"Session table checked/initialized successfully","timestamp":"2025-06-10T04:30:52.412Z"}
{"level":"info","message":"Admin user(s) already exist, skipping default admin creation.","timestamp":"2025-06-10T04:30:52.434Z"}
{"level":"info","message":"Server running on port 3000","timestamp":"2025-06-10T04:30:52.485Z"}
{"level":"info","message":"Database connected successfully","timestamp":"2025-06-10T04:34:35.062Z"}
{"level":"info","message":"Session table checked/initialized successfully","timestamp":"2025-06-10T04:34:35.099Z"}
{"level":"info","message":"Admin user(s) already exist, skipping default admin creation.","timestamp":"2025-06-10T04:34:35.112Z"}
{"level":"info","message":"Server running on port 3000","timestamp":"2025-06-10T04:34:35.166Z"}
{"level":"info","message":"Database connected successfully","timestamp":"2025-06-10T04:34:38.568Z"}
{"level":"info","message":"Session table checked/initialized successfully","timestamp":"2025-06-10T04:34:38.598Z"}
{"level":"info","message":"Admin user(s) already exist, skipping default admin creation.","timestamp":"2025-06-10T04:34:38.611Z"}
{"level":"info","message":"Server running on port 3000","timestamp":"2025-06-10T04:34:38.666Z"}
{"level":"info","message":"Database connected successfully","timestamp":"2025-06-10T04:49:39.841Z"}
{"level":"info","message":"Session table checked/initialized successfully","timestamp":"2025-06-10T04:49:39.902Z"}
{"level":"info","message":"Admin user(s) already exist, skipping default admin creation.","timestamp":"2025-06-10T04:49:39.922Z"}
{"level":"info","message":"Server running on port 3000","timestamp":"2025-06-10T04:49:39.970Z"}
{"level":"info","message":"Database connected successfully","timestamp":"2025-06-11T04:11:01.064Z"}
{"level":"info","message":"Session table checked/initialized successfully","timestamp":"2025-06-11T04:11:01.183Z"}
{"level":"info","message":"Admin user(s) already exist, skipping default admin creation.","timestamp":"2025-06-11T04:11:01.225Z"}
{"level":"info","message":"Server running on port 3000","timestamp":"2025-06-11T04:11:01.354Z"}
{"level":"info","message":"Database connected successfully","timestamp":"2025-06-11T05:21:16.817Z"}
{"level":"info","message":"Session table checked/initialized successfully","timestamp":"2025-06-11T05:21:16.847Z"}
{"level":"info","message":"Admin user(s) already exist, skipping default admin creation.","timestamp":"2025-06-11T05:21:16.865Z"}
{"level":"info","message":"Server running on port 3000","timestamp":"2025-06-11T05:21:16.908Z"}
{"level":"info","message":"Database connected successfully","timestamp":"2025-06-11T05:22:50.358Z"}
{"level":"info","message":"Session table checked/initialized successfully","timestamp":"2025-06-11T05:22:50.381Z"}
{"level":"info","message":"Admin user(s) already exist, skipping default admin creation.","timestamp":"2025-06-11T05:22:50.393Z"}
{"level":"info","message":"Server running on port 3000","timestamp":"2025-06-11T05:22:50.430Z"}
{"level":"info","message":"Database connected successfully","timestamp":"2025-06-11T05:23:17.203Z"}
{"level":"info","message":"Session table checked/initialized successfully","timestamp":"2025-06-11T05:23:17.235Z"}
{"level":"info","message":"Admin user(s) already exist, skipping default admin creation.","timestamp":"2025-06-11T05:23:17.248Z"}
{"level":"info","message":"Server running on port 3000","timestamp":"2025-06-11T05:23:17.284Z"}
{"level":"info","message":"Session table checked/initialized successfully","timestamp":"2025-06-11T05:36:43.110Z"}
{"level":"info","message":"Admin user(s) already exist, skipping default admin creation.","timestamp":"2025-06-11T05:36:43.128Z"}
{"level":"info","message":"Server running on port 3000","timestamp":"2025-06-11T05:36:43.160Z"}
{"level":"info","message":"Database connected successfully","timestamp":"2025-06-11T05:36:43.170Z"}
{"level":"info","message":"Database connected successfully","timestamp":"2025-06-11T05:54:53.418Z"}
{"level":"info","message":"Session table checked/initialized successfully","timestamp":"2025-06-11T05:54:53.434Z"}
{"level":"info","message":"Admin user(s) already exist, skipping default admin creation.","timestamp":"2025-06-11T05:54:53.442Z"}
{"level":"info","message":"Server running on port 3000","timestamp":"2025-06-11T05:54:53.471Z"}
{"level":"info","message":"Database connected successfully","timestamp":"2025-06-11T06:00:02.750Z"}
{"level":"info","message":"Session table checked/initialized successfully","timestamp":"2025-06-11T06:00:02.765Z"}
{"level":"info","message":"Admin user(s) already exist, skipping default admin creation.","timestamp":"2025-06-11T06:00:02.774Z"}
{"level":"info","message":"Server running on port 3000","timestamp":"2025-06-11T06:00:02.801Z"}
{"level":"info","message":"Database connected successfully","timestamp":"2025-06-11T06:02:32.875Z"}
{"level":"info","message":"Session table checked/initialized successfully","timestamp":"2025-06-11T06:02:32.891Z"}
{"level":"info","message":"Admin user(s) already exist, skipping default admin creation.","timestamp":"2025-06-11T06:02:32.898Z"}
{"level":"info","message":"Server running on port 3000","timestamp":"2025-06-11T06:02:32.924Z"}
{"level":"info","message":"Database connected successfully","timestamp":"2025-06-11T07:26:32.742Z"}
{"level":"info","message":"Session table checked/initialized successfully","timestamp":"2025-06-11T07:26:32.863Z"}
{"level":"info","message":"Admin user(s) already exist, skipping default admin creation.","timestamp":"2025-06-11T07:26:32.907Z"}
{"level":"info","message":"Server running on port 3000","timestamp":"2025-06-11T07:26:33.040Z"}
{"level":"info","message":"Database connected successfully","timestamp":"2025-06-11T08:15:16.590Z"}
{"level":"info","message":"Session table checked/initialized successfully","timestamp":"2025-06-11T08:15:16.720Z"}
{"level":"info","message":"Admin user(s) already exist, skipping default admin creation.","timestamp":"2025-06-11T08:15:16.769Z"}
{"level":"info","message":"Server running on port 3000","timestamp":"2025-06-11T08:15:16.903Z"}
{"level":"info","message":"Database connected successfully","timestamp":"2025-06-11T10:27:31.877Z"}
{"level":"info","message":"Session table checked/initialized successfully","timestamp":"2025-06-11T10:27:31.954Z"}
{"level":"info","message":"Admin user(s) already exist, skipping default admin creation.","timestamp":"2025-06-11T10:27:31.985Z"}
{"level":"info","message":"Server running on port 3000","timestamp":"2025-06-11T10:27:32.078Z"}
{"level":"info","message":"Database connected successfully","timestamp":"2025-06-11T10:36:28.473Z"}
{"level":"info","message":"Session table checked/initialized successfully","timestamp":"2025-06-11T10:36:28.496Z"}
{"level":"info","message":"Admin user(s) already exist, skipping default admin creation.","timestamp":"2025-06-11T10:36:28.508Z"}
{"level":"info","message":"Server running on port 3000","timestamp":"2025-06-11T10:36:28.556Z"}
{"level":"info","message":"Database connected successfully","timestamp":"2025-06-11T16:39:00.258Z"}
{"level":"info","message":"Session table checked/initialized successfully","timestamp":"2025-06-11T16:39:00.419Z"}
{"level":"info","message":"Admin user(s) already exist, skipping default admin creation.","timestamp":"2025-06-11T16:39:00.472Z"}
{"level":"info","message":"Server running on port 3000","timestamp":"2025-06-11T16:39:00.594Z"}
{"level":"info","message":"Database connected successfully","timestamp":"2025-06-11T18:16:46.961Z"}
{"level":"info","message":"Session table checked/initialized successfully","timestamp":"2025-06-11T18:16:47.010Z"}
{"level":"info","message":"Admin user(s) already exist, skipping default admin creation.","timestamp":"2025-06-11T18:16:47.036Z"}
{"level":"info","message":"Server running on port 3000","timestamp":"2025-06-11T18:16:47.098Z"}
{"level":"info","message":"Database connected successfully","timestamp":"2025-06-11T19:14:13.645Z"}
{"level":"info","message":"Session table checked/initialized successfully","timestamp":"2025-06-11T19:14:13.659Z"}
{"level":"info","message":"Admin user(s) already exist, skipping default admin creation.","timestamp":"2025-06-11T19:14:13.669Z"}
{"level":"info","message":"Server running on port 3000","timestamp":"2025-06-11T19:14:13.721Z"}
{"level":"info","message":"Session table checked/initialized successfully","timestamp":"2025-06-11T19:17:25.902Z"}
{"level":"info","message":"Admin user(s) already exist, skipping default admin creation.","timestamp":"2025-06-11T19:17:25.914Z"}
{"level":"info","message":"Server running on port 3000","timestamp":"2025-06-11T19:17:25.950Z"}
{"level":"info","message":"Database connected successfully","timestamp":"2025-06-11T19:17:25.984Z"}
{"level":"info","message":"Database connected successfully","timestamp":"2025-06-11T19:23:04.157Z"}
{"level":"info","message":"Session table checked/initialized successfully","timestamp":"2025-06-11T19:23:04.176Z"}
{"level":"info","message":"Admin user(s) already exist, skipping default admin creation.","timestamp":"2025-06-11T19:23:04.191Z"}
{"level":"info","message":"Server running on port 3000","timestamp":"2025-06-11T19:23:04.230Z"}
{"level":"info","message":"Database connected successfully","timestamp":"2025-06-11T19:59:27.197Z"}
{"level":"info","message":"Session table checked/initialized successfully","timestamp":"2025-06-11T19:59:27.228Z"}
{"level":"info","message":"Admin user(s) already exist, skipping default admin creation.","timestamp":"2025-06-11T19:59:27.242Z"}
{"level":"info","message":"Server running on port 3000","timestamp":"2025-06-11T19:59:27.281Z"}
{"level":"info","message":"Database connected successfully","timestamp":"2025-06-11T20:45:19.567Z"}
{"level":"info","message":"Session table checked/initialized successfully","timestamp":"2025-06-11T20:45:19.606Z"}
{"level":"info","message":"Admin user(s) already exist, skipping default admin creation.","timestamp":"2025-06-11T20:45:19.620Z"}
{"level":"info","message":"Server running on port 3000","timestamp":"2025-06-11T20:45:19.707Z"}
{"level":"info","message":"Database connected successfully","timestamp":"2025-06-12T05:20:04.323Z"}
{"level":"info","message":"Session table checked/initialized successfully","timestamp":"2025-06-12T05:20:04.338Z"}
{"level":"info","message":"Admin user(s) already exist, skipping default admin creation.","timestamp":"2025-06-12T05:20:04.354Z"}
{"level":"info","message":"Server running on port 3000","timestamp":"2025-06-12T05:20:04.401Z"}
{"level":"info","message":"Database connected successfully","timestamp":"2025-06-12T07:04:16.529Z"}
{"level":"info","message":"Session table checked/initialized successfully","timestamp":"2025-06-12T07:04:16.552Z"}
{"level":"info","message":"Admin user(s) already exist, skipping default admin creation.","timestamp":"2025-06-12T07:04:16.572Z"}
{"level":"info","message":"Server running on port 3000","timestamp":"2025-06-12T07:04:16.671Z"}
{"level":"info","message":"Database connected successfully","timestamp":"2025-06-12T07:07:49.538Z"}
{"level":"info","message":"Session table checked/initialized successfully","timestamp":"2025-06-12T07:07:49.573Z"}
{"level":"info","message":"Admin user(s) already exist, skipping default admin creation.","timestamp":"2025-06-12T07:07:49.590Z"}
{"level":"info","message":"Server running on port 3000","timestamp":"2025-06-12T07:07:49.661Z"}
{"level":"info","message":"Database connected successfully","timestamp":"2025-06-12T07:08:05.177Z"}
{"level":"info","message":"Session table checked/initialized successfully","timestamp":"2025-06-12T07:08:05.252Z"}
{"level":"info","message":"Admin user(s) already exist, skipping default admin creation.","timestamp":"2025-06-12T07:08:05.278Z"}
{"level":"info","message":"Server running on port 3000","timestamp":"2025-06-12T07:08:05.424Z"}
{"level":"info","message":"Session table checked/initialized successfully","timestamp":"2025-06-12T07:36:05.657Z"}
{"level":"info","message":"Admin user(s) already exist, skipping default admin creation.","timestamp":"2025-06-12T07:36:05.689Z"}
{"level":"info","message":"Server running on port 3000","timestamp":"2025-06-12T07:36:05.786Z"}
{"level":"info","message":"Database connected successfully","timestamp":"2025-06-12T07:36:05.788Z"}
{"level":"info","message":"Session table checked/initialized successfully","timestamp":"2025-06-12T07:37:17.634Z"}
{"level":"info","message":"Admin user(s) already exist, skipping default admin creation.","timestamp":"2025-06-12T07:37:17.646Z"}
{"level":"info","message":"Server running on port 3000","timestamp":"2025-06-12T07:37:17.675Z"}
{"level":"info","message":"Database connected successfully","timestamp":"2025-06-12T07:37:17.720Z"}
{"level":"info","message":"Database connected successfully","timestamp":"2025-06-12T07:37:20.870Z"}
{"level":"info","message":"Session table checked/initialized successfully","timestamp":"2025-06-12T07:37:20.888Z"}
{"level":"info","message":"Admin user(s) already exist, skipping default admin creation.","timestamp":"2025-06-12T07:37:20.896Z"}
{"level":"info","message":"Server running on port 3000","timestamp":"2025-06-12T07:37:20.925Z"}
{"level":"info","message":"Database connected successfully","timestamp":"2025-06-13T18:30:32.296Z"}
{"level":"info","message":"Session table checked/initialized successfully","timestamp":"2025-06-13T18:30:32.442Z"}
{"level":"info","message":"Admin user(s) already exist, skipping default admin creation.","timestamp":"2025-06-13T18:30:32.474Z"}
{"level":"info","message":"Server running on port 3000","timestamp":"2025-06-13T18:30:32.550Z"}
{"level":"info","message":"Database connected successfully","timestamp":"2025-06-14T05:52:58.089Z"}
{"level":"info","message":"Session table checked/initialized successfully","timestamp":"2025-06-14T05:52:58.189Z"}
{"level":"info","message":"Admin user(s) already exist, skipping default admin creation.","timestamp":"2025-06-14T05:52:58.228Z"}
{"level":"info","message":"Server running on port 3000","timestamp":"2025-06-14T05:52:58.316Z"}
{"level":"info","message":"Database connected successfully","timestamp":"2025-06-14T06:04:10.968Z"}
{"level":"info","message":"Session table checked/initialized successfully","timestamp":"2025-06-14T06:04:11.001Z"}
{"level":"info","message":"Admin user(s) already exist, skipping default admin creation.","timestamp":"2025-06-14T06:04:11.027Z"}
{"level":"info","message":"Server running on port 3000","timestamp":"2025-06-14T06:04:11.094Z"}
{"level":"info","message":"Database connected successfully","timestamp":"2025-06-14T06:14:00.198Z"}
{"level":"info","message":"Session table checked/initialized successfully","timestamp":"2025-06-14T06:14:00.235Z"}
{"level":"info","message":"Admin user(s) already exist, skipping default admin creation.","timestamp":"2025-06-14T06:14:00.253Z"}
{"level":"info","message":"Server running on port 3000","timestamp":"2025-06-14T06:14:00.300Z"}
{"level":"info","message":"Database connected successfully","timestamp":"2025-06-14T07:07:50.072Z"}
{"level":"info","message":"Session table checked/initialized successfully","timestamp":"2025-06-14T07:07:50.104Z"}
{"level":"info","message":"Admin user(s) already exist, skipping default admin creation.","timestamp":"2025-06-14T07:07:50.120Z"}
{"level":"info","message":"Server running on port 3000","timestamp":"2025-06-14T07:07:50.169Z"}
{"level":"info","message":"Database connected successfully","timestamp":"2025-06-14T07:14:39.083Z"}
{"level":"info","message":"Session table checked/initialized successfully","timestamp":"2025-06-14T07:14:39.113Z"}
{"level":"info","message":"Admin user(s) already exist, skipping default admin creation.","timestamp":"2025-06-14T07:14:39.136Z"}
{"level":"info","message":"Server running on port 3000","timestamp":"2025-06-14T07:14:39.186Z"}
{"level":"info","message":"Database connected successfully","timestamp":"2025-06-14T07:17:17.546Z"}
{"level":"info","message":"Session table checked/initialized successfully","timestamp":"2025-06-14T07:17:17.570Z"}
{"level":"info","message":"Admin user(s) already exist, skipping default admin creation.","timestamp":"2025-06-14T07:17:17.583Z"}
{"level":"info","message":"Server running on port 3000","timestamp":"2025-06-14T07:17:17.630Z"}
{"level":"info","message":"Database connected successfully","timestamp":"2025-06-14T07:24:04.392Z"}
{"level":"info","message":"Session table checked/initialized successfully","timestamp":"2025-06-14T07:24:04.421Z"}
{"level":"info","message":"Admin user(s) already exist, skipping default admin creation.","timestamp":"2025-06-14T07:24:04.431Z"}
{"level":"info","message":"Server running on port 3000","timestamp":"2025-06-14T07:24:04.461Z"}
{"level":"info","message":"Database connected successfully","timestamp":"2025-06-15T14:31:18.932Z"}
{"level":"info","message":"Session table checked/initialized successfully","timestamp":"2025-06-15T14:31:18.962Z"}
{"level":"info","message":"Admin user(s) already exist, skipping default admin creation.","timestamp":"2025-06-15T14:31:18.978Z"}
{"level":"info","message":"Server running on port 3000","timestamp":"2025-06-15T14:31:19.013Z"}
{"level":"info","message":"Database connected successfully","timestamp":"2025-06-15T14:34:59.479Z"}
{"level":"info","message":"Session table checked/initialized successfully","timestamp":"2025-06-15T14:34:59.504Z"}
{"level":"info","message":"Admin user(s) already exist, skipping default admin creation.","timestamp":"2025-06-15T14:34:59.521Z"}
{"level":"info","message":"Server running on port 3000","timestamp":"2025-06-15T14:34:59.590Z"}
{"level":"info","message":"Database connected successfully","timestamp":"2025-06-15T14:38:32.702Z"}
{"level":"info","message":"Session table checked/initialized successfully","timestamp":"2025-06-15T14:38:32.720Z"}
{"level":"info","message":"Admin user(s) already exist, skipping default admin creation.","timestamp":"2025-06-15T14:38:32.732Z"}
{"level":"info","message":"Server running on port 3000","timestamp":"2025-06-15T14:38:32.773Z"}
{"level":"info","message":"Database connected successfully","timestamp":"2025-06-15T14:38:51.079Z"}
{"level":"info","message":"Session table checked/initialized successfully","timestamp":"2025-06-15T14:38:51.104Z"}
{"level":"info","message":"Admin user(s) already exist, skipping default admin creation.","timestamp":"2025-06-15T14:38:51.117Z"}
{"level":"info","message":"Server running on port 3000","timestamp":"2025-06-15T14:38:51.156Z"}
{"level":"info","message":"Database connected successfully","timestamp":"2025-06-16T04:35:44.558Z"}
{"level":"info","message":"Session table checked/initialized successfully","timestamp":"2025-06-16T04:35:44.599Z"}
{"level":"info","message":"Admin user(s) already exist, skipping default admin creation.","timestamp":"2025-06-16T04:35:44.623Z"}
{"level":"info","message":"Server running on port 3000","timestamp":"2025-06-16T04:35:44.680Z"}
{"level":"info","message":"Database connected successfully","timestamp":"2025-06-16T05:36:21.936Z"}
{"level":"info","message":"Session table checked/initialized successfully","timestamp":"2025-06-16T05:36:21.990Z"}
{"level":"info","message":"Admin user(s) already exist, skipping default admin creation.","timestamp":"2025-06-16T05:36:22.015Z"}
{"level":"info","message":"Server running on port 3000","timestamp":"2025-06-16T05:36:22.065Z"}
{"level":"info","message":"Database connected successfully","timestamp":"2025-06-16T05:39:33.693Z"}
{"level":"info","message":"Session table checked/initialized successfully","timestamp":"2025-06-16T05:39:33.744Z"}
{"level":"info","message":"Admin user(s) already exist, skipping default admin creation.","timestamp":"2025-06-16T05:39:33.765Z"}
{"level":"info","message":"Server running on port 3000","timestamp":"2025-06-16T05:39:33.829Z"}
{"level":"info","message":"Database connected successfully","timestamp":"2025-06-16T05:39:36.563Z"}
{"level":"info","message":"Session table checked/initialized successfully","timestamp":"2025-06-16T05:39:36.583Z"}
{"level":"info","message":"Admin user(s) already exist, skipping default admin creation.","timestamp":"2025-06-16T05:39:36.594Z"}
{"level":"info","message":"Server running on port 3000","timestamp":"2025-06-16T05:39:36.642Z"}
{"level":"info","message":"Database connected successfully","timestamp":"2025-06-24T18:40:44.177Z"}
{"level":"info","message":"Session table checked/initialized successfully","timestamp":"2025-06-24T18:40:44.201Z"}
{"level":"info","message":"Admin user(s) already exist, skipping default admin creation.","timestamp":"2025-06-24T18:40:44.214Z"}
{"level":"info","message":"Server running on port 3000","timestamp":"2025-06-24T18:40:44.242Z"}
{"level":"info","message":"Database connected successfully","timestamp":"2025-06-24T18:55:05.309Z"}
{"level":"info","message":"Session table checked/initialized successfully","timestamp":"2025-06-24T18:55:05.326Z"}
{"level":"info","message":"Default admin user created.","timestamp":"2025-06-24T18:55:05.346Z"}
{"level":"info","message":"Server running on port 3000","timestamp":"2025-06-24T18:55:05.377Z"}
{"level":"info","message":"Database connected successfully","timestamp":"2025-06-24T19:57:06.640Z"}
{"level":"info","message":"Session table checked/initialized successfully","timestamp":"2025-06-24T19:57:06.666Z"}
{"level":"info","message":"Admin user(s) already exist, skipping default admin creation.","timestamp":"2025-06-24T19:57:06.679Z"}
{"level":"info","message":"Server running on port 3000","timestamp":"2025-06-24T19:57:06.760Z"}
{"level":"info","message":"Database connected successfully","timestamp":"2025-06-26T12:45:25.425Z"}
{"level":"info","message":"Session table checked/initialized successfully","timestamp":"2025-06-26T12:45:25.589Z"}
{"level":"info","message":"Admin user(s) already exist, skipping default admin creation.","timestamp":"2025-06-26T12:45:25.624Z"}
{"level":"info","message":"Server running on port 3000","timestamp":"2025-06-26T12:45:25.711Z"}
{"level":"info","message":"Database connected successfully","timestamp":"2025-06-26T13:14:43.840Z"}
{"level":"info","message":"Session table checked/initialized successfully","timestamp":"2025-06-26T13:14:43.856Z"}
{"level":"info","message":"Admin user(s) already exist, skipping default admin creation.","timestamp":"2025-06-26T13:14:43.865Z"}
{"level":"info","message":"Server running on port 3000","timestamp":"2025-06-26T13:14:43.903Z"}
{"level":"info","message":"Database connected successfully","timestamp":"2025-06-26T13:24:11.291Z"}
{"level":"info","message":"Session table checked/initialized successfully","timestamp":"2025-06-26T13:24:11.310Z"}
{"level":"info","message":"Admin user(s) already exist, skipping default admin creation.","timestamp":"2025-06-26T13:24:11.321Z"}
{"level":"info","message":"Server running on port 3000","timestamp":"2025-06-26T13:24:11.353Z"}
{"level":"info","message":"Database connected successfully","timestamp":"2025-06-26T14:26:55.263Z"}
{"level":"info","message":"Session table checked/initialized successfully","timestamp":"2025-06-26T14:26:55.313Z"}
{"level":"info","message":"Admin user(s) already exist, skipping default admin creation.","timestamp":"2025-06-26T14:26:55.336Z"}
{"level":"info","message":"Server running on port 3000","timestamp":"2025-06-26T14:26:55.476Z"}
{"level":"info","message":"Database connected successfully","timestamp":"2025-07-01T03:26:09.152Z"}
{"level":"info","message":"Session table checked/initialized successfully","timestamp":"2025-07-01T03:26:09.319Z"}
{"level":"info","message":"Admin user(s) already exist, skipping default admin creation.","timestamp":"2025-07-01T03:26:09.374Z"}
{"level":"info","message":"Server running on port 3000","timestamp":"2025-07-01T03:26:09.534Z"}
{"level":"info","message":"Database connected successfully","timestamp":"2025-07-01T03:48:10.106Z"}
{"level":"info","message":"Session table checked/initialized successfully","timestamp":"2025-07-01T03:48:10.148Z"}
{"level":"info","message":"Admin user(s) already exist, skipping default admin creation.","timestamp":"2025-07-01T03:48:10.165Z"}
{"level":"info","message":"Server running on port 3000","timestamp":"2025-07-01T03:48:10.213Z"}
{"level":"info","message":"Database connected successfully","timestamp":"2025-07-01T03:49:32.403Z"}
{"level":"info","message":"Session table checked/initialized successfully","timestamp":"2025-07-01T03:49:32.423Z"}
{"level":"info","message":"Admin user(s) already exist, skipping default admin creation.","timestamp":"2025-07-01T03:49:32.442Z"}
{"level":"info","message":"Server running on port 3000","timestamp":"2025-07-01T03:49:32.492Z"}
{"level":"info","message":"Database connected successfully","timestamp":"2025-07-01T03:49:36.431Z"}
{"level":"info","message":"Session table checked/initialized successfully","timestamp":"2025-07-01T03:49:36.456Z"}
{"level":"info","message":"Admin user(s) already exist, skipping default admin creation.","timestamp":"2025-07-01T03:49:36.468Z"}
{"level":"info","message":"Server running on port 3000","timestamp":"2025-07-01T03:49:36.523Z"}
{"level":"info","message":"Database connected successfully","timestamp":"2025-07-11T04:31:19.138Z"}
{"level":"info","message":"Session table checked/initialized successfully","timestamp":"2025-07-11T04:31:19.157Z"}
{"level":"info","message":"Admin user(s) already exist, skipping default admin creation.","timestamp":"2025-07-11T04:31:19.166Z"}
{"level":"info","message":"Database connected successfully","timestamp":"2025-07-11T04:31:40.324Z"}
{"level":"info","message":"Session table checked/initialized successfully","timestamp":"2025-07-11T04:31:40.443Z"}
{"level":"info","message":"Admin user(s) already exist, skipping default admin creation.","timestamp":"2025-07-11T04:31:40.449Z"}
{"level":"info","message":"Server running on port 3000","timestamp":"2025-07-11T04:31:40.478Z"}
{"level":"info","message":"Database connected successfully","timestamp":"2025-07-11T05:05:48.945Z"}
{"level":"info","message":"Session table checked/initialized successfully","timestamp":"2025-07-11T05:05:48.968Z"}
{"level":"info","message":"Admin user(s) already exist, skipping default admin creation.","timestamp":"2025-07-11T05:05:48.982Z"}
{"level":"info","message":"Server running on port 3000","timestamp":"2025-07-11T05:05:49.011Z"}
{"level":"info","message":"Database connected successfully","timestamp":"2025-07-11T05:05:51.321Z"}
{"level":"info","message":"Session table checked/initialized successfully","timestamp":"2025-07-11T05:05:51.339Z"}
{"level":"info","message":"Admin user(s) already exist, skipping default admin creation.","timestamp":"2025-07-11T05:05:51.348Z"}
{"level":"info","message":"Server running on port 3000","timestamp":"2025-07-11T05:05:51.379Z"}
{"level":"info","message":"Database connected successfully","timestamp":"2025-07-16T11:12:33.020Z"}
{"level":"info","message":"Session table checked/initialized successfully","timestamp":"2025-07-16T11:12:33.042Z"}
{"level":"info","message":"Admin user(s) already exist, skipping default admin creation.","timestamp":"2025-07-16T11:12:33.054Z"}
{"level":"info","message":"Server running on port 3000","timestamp":"2025-07-16T11:12:33.086Z"}
{"level":"info","message":"Database connected successfully","timestamp":"2025-07-16T11:20:47.215Z"}
{"level":"info","message":"Session table checked/initialized successfully","timestamp":"2025-07-16T11:20:47.238Z"}
{"level":"info","message":"Admin user(s) already exist, skipping default admin creation.","timestamp":"2025-07-16T11:20:47.249Z"}
{"level":"info","message":"Server running on port 3000","timestamp":"2025-07-16T11:20:47.278Z"}
{"level":"info","message":"Database connected successfully","timestamp":"2025-07-16T11:20:50.535Z"}
{"level":"info","message":"Session table checked/initialized successfully","timestamp":"2025-07-16T11:20:50.587Z"}
{"level":"info","message":"Admin user(s) already exist, skipping default admin creation.","timestamp":"2025-07-16T11:20:50.606Z"}
{"level":"info","message":"Server running on port 3000","timestamp":"2025-07-16T11:20:50.648Z"}
{"level":"info","message":"Database connected successfully","timestamp":"2025-09-07T08:05:47.959Z"}
{"level":"info","message":"Session table checked/initialized successfully","timestamp":"2025-09-07T08:05:48.054Z"}
{"level":"info","message":"Admin user(s) already exist, skipping default admin creation.","timestamp":"2025-09-07T08:05:48.100Z"}
{"level":"info","message":"Server running on port 3000","timestamp":"2025-09-07T08:05:48.186Z"}
{"level":"info","message":"Database connected successfully","timestamp":"2025-09-07T08:07:22.425Z"}
{"level":"info","message":"Session table checked/initialized successfully","timestamp":"2025-09-07T08:07:22.437Z"}
{"level":"info","message":"Admin user(s) already exist, skipping default admin creation.","timestamp":"2025-09-07T08:07:22.445Z"}
{"level":"info","message":"Server running on port 3000","timestamp":"2025-09-07T08:07:22.471Z"}
{"level":"info","message":"Database connected successfully","timestamp":"2025-09-07T08:07:43.412Z"}
{"level":"info","message":"Session table checked/initialized successfully","timestamp":"2025-09-07T08:07:43.528Z"}
{"level":"info","message":"Admin user(s) already exist, skipping default admin creation.","timestamp":"2025-09-07T08:07:43.535Z"}
{"level":"info","message":"Server running on port 3000","timestamp":"2025-09-07T08:07:43.562Z"}
{"level":"info","message":"Database connected successfully","timestamp":"2025-09-07T08:07:44.938Z"}
{"level":"info","message":"Session table checked/initialized successfully","timestamp":"2025-09-07T08:07:44.950Z"}
{"level":"info","message":"Admin user(s) already exist, skipping default admin creation.","timestamp":"2025-09-07T08:07:44.956Z"}
{"level":"info","message":"Server running on port 3000","timestamp":"2025-09-07T08:07:44.983Z"}
{"level":"info","message":"Database connected successfully","timestamp":"2025-09-07T08:43:57.703Z"}
{"level":"info","message":"Session table checked/initialized successfully","timestamp":"2025-09-07T08:43:57.843Z"}
{"level":"info","message":"Admin user(s) already exist, skipping default admin creation.","timestamp":"2025-09-07T08:43:57.858Z"}
{"level":"info","message":"Server running on port 3000","timestamp":"2025-09-07T08:43:57.892Z"}
{"level":"info","message":"Database connected successfully","timestamp":"2025-09-07T08:47:47.041Z"}
{"level":"info","message":"Session table checked/initialized successfully","timestamp":"2025-09-07T08:47:47.053Z"}
{"level":"info","message":"Admin user(s) already exist, skipping default admin creation.","timestamp":"2025-09-07T08:47:47.060Z"}
{"level":"info","message":"Server running on port 3000","timestamp":"2025-09-07T08:47:47.086Z"}
{"level":"info","message":"Database connected successfully","timestamp":"2025-09-07T08:47:48.411Z"}
{"level":"info","message":"Session table checked/initialized successfully","timestamp":"2025-09-07T08:47:48.423Z"}
{"level":"info","message":"Admin user(s) already exist, skipping default admin creation.","timestamp":"2025-09-07T08:47:48.430Z"}
{"level":"info","message":"Server running on port 3000","timestamp":"2025-09-07T08:47:48.456Z"}
